============================= test session starts =============================
platform win32 -- Python 3.11.9, pytest-9.0.2, pluggy-1.6.0
rootdir: G:\Di­er bilgisayarlar\Diz³st³ Bilgisayar²m\github repolar²m\teknofest_nukleer
plugins: anyio-4.12.1, langsmith-0.6.8
collected 62 items

tests\test_core.py ................F...............                      [ 51%]
tests\test_physics.py ..........................                         [ 93%]
tests\test_reactor.py ....                                               [100%]

================================== FAILURES ===================================
___________________ TestPhysicsStep.test_history_populated ____________________

self = <tests.test_core.TestPhysicsStep object at 0x00000112E6726890>

    def test_history_populated(self):
        r = ReactorCore()
        r.max_power = 9999.0
        r.scram_pressure = 9999.0
        r.scram_temp = 9999.0
        r.critical_temp = 9999.0
        r.initialize_steady_state()
        for _ in range(5):
            r.step(dt=1.0)
>       assert len(r._history) == 5
E       AssertionError: assert 4 == 5
E        +  where 4 = len([ReactorState(timestamp=1.0, temperature_k=569.1666666666666, pressure_bar=156.65742074260146, neutron_flux=3000018165...arium_conc=0.0, burnup_mwdmt=0.07030556086972924, reactivity_pcm=-56663.48703424051, scram_active=True, alarm_level=3)])
E        +    where [ReactorState(timestamp=1.0, temperature_k=569.1666666666666, pressure_bar=156.65742074260146, neutron_flux=3000018165...arium_conc=0.0, burnup_mwdmt=0.07030556086972924, reactivity_pcm=-56663.48703424051, scram_active=True, alarm_level=3)] = ReactorCore(name='TEKNOFEST-NUKLEER-TX1', T=14002.1K, P=0.0MWth, scram=True)._history

tests\test_core.py:142: AssertionError
---------------------------- Captured stdout call -----------------------------
\n[\u26a0\ufe0f  ALARM L1] Xenon-pit b\xf6lgesi: -10327 pcm\n\n[\u26a0\ufe0f  ALARM L2] A\u015f\u0131r\u0131 g\xfc\xe7: 11998.8 MWth > 9999.0 MWth\n\n[\U0001f6a8 SCRAM] KR\u0130T\u0130K SICAKLIK A\u015eILDI
------------------------------ Captured log call ------------------------------
WARNING  ReactorCore:reactor_core.py:246 [ALARM L1] Xenon-pit b\xf6lgesi: -10327 pcm\nWARNING  ReactorCore:reactor_core.py:246 [ALARM L2] A\u015f\u0131r\u0131 g\xfc\xe7: 11998.8 MWth > 9999.0 MWth\nCRITICAL ReactorCore:reactor_core.py:246 \u2622\ufe0f  SCRAM AKT\u0130F: KR\u0130T\u0130K SICAKLIK A\u015eILDI
=========================== short test summary info ===========================
FAILED tests/test_core.py::TestPhysicsStep::test_history_populated - Assertio...
======================== 1 failed, 61 passed in 0.80s =========================
