============================= test session starts =============================
platform win32 -- Python 3.11.9, pytest-9.0.2, pluggy-1.6.0
rootdir: G:\Di­er bilgisayarlar\Diz³st³ Bilgisayar²m\github repolar²m\teknofest_nukleer
plugins: anyio-4.12.1, langsmith-0.6.8
collected 62 items

tests\test_core.py ................F..........F....                      [ 51%]
tests\test_physics.py ..........................                         [ 93%]
tests\test_reactor.py ....                                               [100%]

================================== FAILURES ===================================
___________________ TestPhysicsStep.test_history_populated ____________________

self = <tests.test_core.TestPhysicsStep object at 0x00000218A0E4DDD0>

    def test_history_populated(self):
        r = ReactorCore()
        r.initialize_steady_state() # Dengeteki durum ile ba■la
        for _ in range(5):
            r.step(dt=1.0)
>       assert len(r._history) == 5
E       AssertionError: assert 1 == 5
E        +  where 1 = len([ReactorState(timestamp=1.0, temperature_k=624.4095238095239, pressure_bar=171.8580800710169, neutron_flux=1.636328364...097e-07, burnup_mwdmt=0.0011111111111111111, reactivity_pcm=-1.2696862499999999e-12, scram_active=True, alarm_level=3)])
E        +    where [ReactorState(timestamp=1.0, temperature_k=624.4095238095239, pressure_bar=171.8580800710169, neutron_flux=1.636328364...097e-07, burnup_mwdmt=0.0011111111111111111, reactivity_pcm=-1.2696862499999999e-12, scram_active=True, alarm_level=3)] = ReactorCore(name='TEKNOFEST-NUKLEER-TX1', T=626.4K, P=192.0MWth, scram=True)._history

tests\test_core.py:138: AssertionError
---------------------------- Captured stdout call -----------------------------
\n[\U0001f6a8 SCRAM] SCRAM SICAKLIK SINIRI
------------------------------ Captured log call ------------------------------
CRITICAL ReactorCore:reactor_core.py:246 \u2622\ufe0f  SCRAM AKT\u0130F: SCRAM SICAKLIK SINIRI
___________________ TestStatusAPI.test_get_history_as_dicts ___________________

self = <tests.test_core.TestStatusAPI object at 0x00000218A0E549D0>

    def test_get_history_as_dicts(self):
        r = ReactorCore()
        r.initialize_steady_state()
        for _ in range(3):
            r.step(dt=1.0)
        history = r.get_history_as_dicts()
>       assert len(history) == 3
E       AssertionError: assert 1 == 3
E        +  where 1 = len([{'alarm_level': 3, 'burnup_mwdmt': 0.0011111111111111111, 'control_rod_pos': 0.0, 'coolant_flow_pct': 100.0, ...}])

tests\test_core.py:224: AssertionError
---------------------------- Captured stdout call -----------------------------
\n[\U0001f6a8 SCRAM] SCRAM SICAKLIK SINIRI
------------------------------ Captured log call ------------------------------
CRITICAL ReactorCore:reactor_core.py:246 \u2622\ufe0f  SCRAM AKT\u0130F: SCRAM SICAKLIK SINIRI
=========================== short test summary info ===========================
FAILED tests/test_core.py::TestPhysicsStep::test_history_populated - Assertio...
FAILED tests/test_core.py::TestStatusAPI::test_get_history_as_dicts - Asserti...
======================== 2 failed, 60 passed in 0.65s =========================
